2023-08-13 00:06:01,882 - INFO - Moved C:/Users/parth/Downloads\20BCP255 Mit Shah PR Lab 1.docx to C:/Users/parth/Downloads\documents\20BCP255 Mit Shah PR Lab 1.docx
2023-08-13 00:06:01,883 - INFO - Moved C:/Users/parth/Downloads\archive.zip to C:/Users/parth/Downloads\zips\archive.zip
2023-08-13 00:06:01,885 - INFO - Moved C:/Users/parth/Downloads\assets.zip to C:/Users/parth/Downloads\zips\assets.zip
2023-08-13 00:06:01,886 - INFO - Moved C:/Users/parth/Downloads\Bootstrap Studio - Setup.exe to C:/Users/parth/Downloads\apps\Bootstrap Studio - Setup.exe
2023-08-13 00:06:01,889 - INFO - Moved C:/Users/parth/Downloads\Composer-Setup.exe to C:/Users/parth/Downloads\apps\Composer-Setup.exe
2023-08-13 00:06:01,890 - INFO - Moved C:/Users/parth/Downloads\d32f0742246d11ee.zip to C:/Users/parth/Downloads\zips\d32f0742246d11ee.zip
2023-08-13 00:06:01,892 - INFO - Moved C:/Users/parth/Downloads\Dataset Refining.zip to C:/Users/parth/Downloads\zips\Dataset Refining.zip
2023-08-13 00:06:01,894 - INFO - Moved C:/Users/parth/Downloads\GRE_score.pdf to C:/Users/parth/Downloads\documents\GRE_score.pdf
2023-08-13 00:06:01,895 - INFO - Moved C:/Users/parth/Downloads\Heart Disease dataset-1.zip to C:/Users/parth/Downloads\zips\Heart Disease dataset-1.zip
2023-08-13 00:06:01,896 - INFO - Moved C:/Users/parth/Downloads\heart+disease.zip to C:/Users/parth/Downloads\zips\heart+disease.zip
2023-08-13 00:06:01,897 - INFO - Moved C:/Users/parth/Downloads\heroku-x64.exe to C:/Users/parth/Downloads\apps\heroku-x64.exe
2023-08-13 00:06:01,900 - INFO - Moved C:/Users/parth/Downloads\mingw-get-setup.exe to C:/Users/parth/Downloads\apps\mingw-get-setup.exe
2023-08-13 00:06:01,901 - INFO - Moved C:/Users/parth/Downloads\php-8.2.9-nts-Win32-vs16-x64.zip to C:/Users/parth/Downloads\zips\php-8.2.9-nts-Win32-vs16-x64.zip
2023-08-13 00:06:01,902 - INFO - Moved C:/Users/parth/Downloads\Placement Preparation - CS Roadmap - By Pooja Gera.xlsx to C:/Users/parth/Downloads\documents\Placement Preparation - CS Roadmap - By Pooja Gera.xlsx
2023-08-13 00:06:01,905 - INFO - Moved C:/Users/parth/Downloads\Research_paper.pdf to C:/Users/parth/Downloads\documents\Research_paper.pdf
2023-08-13 00:06:01,907 - INFO - Moved C:/Users/parth/Downloads\TeamsSetup_c_w_ (1).exe to C:/Users/parth/Downloads\apps\TeamsSetup_c_w_ (1).exe
2023-08-13 00:06:01,908 - INFO - Moved C:/Users/parth/Downloads\TeamsSetup_c_w_.exe to C:/Users/parth/Downloads\apps\TeamsSetup_c_w_.exe
2023-08-13 11:15:58,975 - INFO - Observer stopped by user.
2023-08-13 11:15:58,978 - INFO - Observer thread has terminated.
2023-08-13 11:18:28,307 - INFO - Observer stopped by user.
2023-08-13 11:18:28,308 - INFO - Observer thread has terminated.
